c:\users\hopet\onedrive\documents\game_engine\sprites\debug\vc141.pdb
c:\users\hopet\onedrive\documents\game_engine\sprites\debug\vc141.idb
c:\users\hopet\onedrive\documents\game_engine\sprites\debug\transform.obj
c:\users\hopet\onedrive\documents\game_engine\sprites\debug\sprite.obj
c:\users\hopet\onedrive\documents\game_engine\sprites\debug\main.obj
c:\users\hopet\onedrive\documents\game_engine\sprites\debug\input.obj
c:\users\hopet\onedrive\documents\game_engine\sprites\debug\gameobject.obj
c:\users\hopet\onedrive\documents\game_engine\sprites\debug\game.obj
c:\users\hopet\onedrive\documents\game_engine\sprites\debug\colourlerp.obj
c:\users\hopet\onedrive\documents\game_engine\sprites\debug\colour.obj
c:\users\hopet\onedrive\documents\game_engine\sprites\debug\bitmap.obj
c:\users\hopet\onedrive\documents\game_engine\sprites\debug\sprites.exe
c:\users\hopet\onedrive\documents\game_engine\sprites\debug\sprites.ilk
c:\users\hopet\onedrive\documents\game_engine\sprites\debug\sprites.pdb
c:\users\hopet\documents\uni work\game engine\code\sprites\debug\bitmap.obj
c:\users\hopet\documents\uni work\game engine\code\sprites\debug\colour.obj
c:\users\hopet\documents\uni work\game engine\code\sprites\debug\colourlerp.obj
c:\users\hopet\documents\uni work\game engine\code\sprites\debug\game.obj
c:\users\hopet\documents\uni work\game engine\code\sprites\debug\gameobject.obj
c:\users\hopet\documents\uni work\game engine\code\sprites\debug\input.obj
c:\users\hopet\documents\uni work\game engine\code\sprites\debug\main.obj
c:\users\hopet\documents\uni work\game engine\code\sprites\debug\sprite.obj
c:\users\hopet\documents\uni work\game engine\code\sprites\debug\transform.obj
c:\users\hopet\documents\uni work\game engine\code\sprites\debug\sprites.ilk
c:\users\hopet\documents\uni work\game engine\code\sprites\debug\vc141.idb
c:\users\hopet\documents\uni work\game engine\code\sprites\debug\sprites.pdb
c:\users\hopet\documents\uni work\game engine\code\sprites\debug\vc141.pdb
c:\users\hopet\documents\uni work\game engine\code\sprites\debug\sprites.exe
c:\users\hopet\documents\uni work\game engine\code\sprites\debug\sprites.tlog\cl.command.1.tlog
c:\users\hopet\documents\uni work\game engine\code\sprites\debug\sprites.tlog\cl.read.1.tlog
c:\users\hopet\documents\uni work\game engine\code\sprites\debug\sprites.tlog\cl.write.1.tlog
c:\users\hopet\documents\uni work\game engine\code\sprites\debug\sprites.tlog\link.command.1.tlog
c:\users\hopet\documents\uni work\game engine\code\sprites\debug\sprites.tlog\link.read.1.tlog
c:\users\hopet\documents\uni work\game engine\code\sprites\debug\sprites.tlog\link.write.1.tlog
